2017-11-28 20:56:04 [main] INFO  c.e.demo.AdminServiceApplication -
				Starting AdminServiceApplication on ahmedmar3y2017 with PID 12508 (started by ahmed in E:\computer and information\spring projects\admin_service)
2017-11-28 20:56:04 [main] DEBUG c.e.demo.AdminServiceApplication -
				Running with Spring Boot v1.5.6.RELEASE, Spring v4.3.10.RELEASE
2017-11-28 20:56:04 [main] INFO  c.e.demo.AdminServiceApplication -
				No active profile set, falling back to default profiles: default
2017-11-28 20:58:30 [main] INFO  c.e.demo.AdminServiceApplication -
				Starting AdminServiceApplication on ahmedmar3y2017 with PID 9296 (started by ahmed in E:\computer and information\spring projects\admin_service)
2017-11-28 20:58:30 [main] DEBUG c.e.demo.AdminServiceApplication -
				Running with Spring Boot v1.5.6.RELEASE, Spring v4.3.10.RELEASE
2017-11-28 20:58:30 [main] INFO  c.e.demo.AdminServiceApplication -
				No active profile set, falling back to default profiles: default
2017-11-28 21:00:04 [main] INFO  c.e.demo.AdminServiceApplication -
				Starting AdminServiceApplication on ahmedmar3y2017 with PID 11920 (started by ahmed in E:\computer and information\spring projects\admin_service)
2017-11-28 21:00:04 [main] DEBUG c.e.demo.AdminServiceApplication -
				Running with Spring Boot v1.5.6.RELEASE, Spring v4.3.10.RELEASE
2017-11-28 21:00:04 [main] INFO  c.e.demo.AdminServiceApplication -
				No active profile set, falling back to default profiles: default
2017-11-28 21:00:10 [main] INFO  c.e.demo.AdminServiceApplication -
				Started AdminServiceApplication in 6.898 seconds (JVM running for 7.892)
2017-11-28 21:00:10 [main] ERROR c.e.demo.AdminServiceApplication -
				Message logged at ERROR level
2017-11-28 21:00:10 [main] WARN  c.e.demo.AdminServiceApplication -
				Message logged at WARN level
2017-11-28 21:00:10 [main] INFO  c.e.demo.AdminServiceApplication -
				Message logged at INFO level
2017-11-28 21:00:10 [main] DEBUG c.e.demo.AdminServiceApplication -
				Message logged at DEBUG level
2017-11-28 21:02:25 [main] INFO  c.e.demo.AdminServiceApplication -
				Starting AdminServiceApplication on ahmedmar3y2017 with PID 2480 (started by ahmed in E:\computer and information\spring projects\admin_service)
2017-11-28 21:02:25 [main] DEBUG c.e.demo.AdminServiceApplication -
				Running with Spring Boot v1.5.6.RELEASE, Spring v4.3.10.RELEASE
2017-11-28 21:02:25 [main] INFO  c.e.demo.AdminServiceApplication -
				No active profile set, falling back to default profiles: default
2017-11-28 21:02:31 [main] INFO  c.e.demo.AdminServiceApplication -
				Started AdminServiceApplication in 5.826 seconds (JVM running for 6.899)
2017-11-28 21:02:31 [main] ERROR c.e.demo.AdminServiceApplication -
				Message logged at ERROR level
2017-11-28 21:02:31 [main] WARN  c.e.demo.AdminServiceApplication -
				Message logged at WARN level
2017-11-28 21:02:31 [main] INFO  c.e.demo.AdminServiceApplication -
				Message logged at INFO level
2017-11-28 21:02:31 [main] DEBUG c.e.demo.AdminServiceApplication -
				Message logged at DEBUG level
2017-11-28 21:06:09 [main] INFO  c.e.demo.AdminServiceApplication -
				Starting AdminServiceApplication on ahmedmar3y2017 with PID 4680 (started by ahmed in E:\computer and information\spring projects\admin_service)
2017-11-28 21:06:09 [main] DEBUG c.e.demo.AdminServiceApplication -
				Running with Spring Boot v1.5.6.RELEASE, Spring v4.3.10.RELEASE
2017-11-28 21:06:09 [main] INFO  c.e.demo.AdminServiceApplication -
				No active profile set, falling back to default profiles: default
2017-11-28 21:06:15 [main] INFO  c.e.demo.AdminServiceApplication -
				Started AdminServiceApplication in 6.238 seconds (JVM running for 7.282)
2017-11-28 21:06:15 [main] ERROR c.e.demo.AdminServiceApplication -
				Message logged at ERROR level
2017-11-28 21:06:15 [main] WARN  c.e.demo.AdminServiceApplication -
				Message logged at WARN level
2017-11-28 21:06:15 [main] INFO  c.e.demo.AdminServiceApplication -
				Message logged at INFO level
2017-11-28 21:06:15 [main] DEBUG c.e.demo.AdminServiceApplication -
				Message logged at DEBUG level
